<testsuites id="" name="" tests="12" failures="0" skipped="0" errors="0" time="11.613348">
<testsuite name="i18n.spec.ts" timestamp="2026-09-26T01:57:33.863Z" hostname="chromium" tests="12" failures="0" skipped="0" time="26.562" errors="0">
<testcase name="i18n Language Switching › should switch to Italiano (it)" classname="i18n.spec.ts" time="2.678">
</testcase>
<testcase name="i18n Language Switching › should switch to English (en)" classname="i18n.spec.ts" time="2.666">
</testcase>
<testcase name="i18n Language Switching › should switch to Deutsch (de)" classname="i18n.spec.ts" time="2.724">
</testcase>
<testcase name="i18n Language Switching › should switch to Español (es)" classname="i18n.spec.ts" time="2.467">
</testcase>
<testcase name="i18n Language Switching › should switch to Français (fr)" classname="i18n.spec.ts" time="1.607">
</testcase>
<testcase name="i18n Language Switching › should persist language selection in localStorage" classname="i18n.spec.ts" time="2.565">
</testcase>
<testcase name="i18n Language Switching › should translate calculator tab" classname="i18n.spec.ts" time="2.439">
</testcase>
<testcase name="i18n Language Switching › should translate diary tab" classname="i18n.spec.ts" time="3.006">
</testcase>
<testcase name="i18n Language Switching › should translate diet plan tab" classname="i18n.spec.ts" time="2.034">
</testcase>
<testcase name="i18n Language Switching › should translate medical disclaimer in Italian (default)" classname="i18n.spec.ts" time="1.417">
</testcase>
<testcase name="i18n Language Switching › should translate form labels in calculator" classname="i18n.spec.ts" time="1.317">
</testcase>
<testcase name="i18n Language Switching › should translate results in calculator" classname="i18n.spec.ts" time="1.642">
</testcase>
</testsuite>
</testsuites>